Starting Dynare (version 5.4).
Calling Dynare with arguments: none
Starting preprocessing of the model file ...
Found 4 equation(s).
Evaluating expressions...done
Computing static model derivatives (order 1).
Computing dynamic model derivatives (order 1).
Processing outputs ...
done
Preprocessing completed.


STEADY-STATE RESULTS:

y 		 2.7094
c 		 2.21217
k 		 19.8892
A 		 1

EIGENVALUES:
         Modulus             Real        Imaginary

             0.5              0.5                0
          0.9532           0.9532                0
           1.071            1.071                0
             Inf              Inf                0


There are 2 eigenvalue(s) larger than 1 in modulus 
for 2 forward-looking variable(s)

The rank condition is verified.


MODEL SUMMARY

  Number of variables:         4
  Number of stochastic shocks: 1
  Number of state variables:   2
  Number of jumpers:           2
  Number of static variables:  1


MATRIX OF COVARIANCE OF EXOGENOUS SHOCKS
Variables           e
e            1.000000

POLICY AND TRANSITION FUNCTIONS
                                   log(y)               log(c)               log(k)               log(A)
Constant                         0.996726             0.793972             2.990177                    0
log(k(-1))                       0.333333             0.604249             0.953201                    0
log(A(-1))                       0.500000             0.056182             0.061863             0.500000
e                                0.010000             0.001124             0.001237             0.010000


THEORETICAL MOMENTS
VARIABLE         MEAN  STD. DEV.   VARIANCE
log(y)         0.9967     0.0123     0.0002
log(c)         0.7940     0.0052     0.0000
log(k)         2.9902     0.0079     0.0001
log(A)         0.0000     0.0115     0.0001



MATRIX OF CORRELATIONS
Variables    log(y)  log(c)  log(k)  log(A)
log(y)       1.0000  0.5940  0.5353  0.9772
log(c)       0.5940  1.0000  0.9975  0.4097
log(k)       0.5353  0.9975  1.0000  0.3439
log(A)       0.9772  0.4097  0.3439  1.0000



COEFFICIENTS OF AUTOCORRELATION
Order          1       2       3       4       5
log(y)    0.5747  0.3586  0.2472  0.1883  0.1558
log(c)    0.9750  0.9402  0.9017  0.8622  0.8232
log(k)    0.9842  0.9536  0.9167  0.8777  0.8385
log(A)    0.5000  0.2500  0.1250  0.0625  0.0312
-----------------
-----------------
f at the beginning of new iteration,         0.3777314229
x =            0.01            0.5
Predicted improvement:        0.001297075
lambda =          1; f =            0.3751182
lambda =     1.9332; f =            0.3726450
lambda =     3.7372; f =            0.3677671
lambda =     7.2247; f =            0.3579643
lambda =     13.967; f =            0.3375202
lambda =         27; f =            0.2914489
lambda =     52.196; f =            0.1658900
lambda =      100.9; f =     10000001.5937214
lambda =     67.943; f =            0.0475137
lambda =      86.14; f =            0.1926327
lambda =     109.21; f =     10000001.8219714
lambda =     94.717; f =     10000001.4353162
lambda =     82.147; f =            0.1307474
lambda =     89.473; f =     10000001.3088482
lambda =     85.003; f =            0.1699850
lambda =     87.657; f =     10000001.2667170
lambda =     86.055; f =            0.1899520
lambda =     87.013; f =     10000001.2519657
Norm of dx   0.011389
ih =
     1
----
Improvement on iteration 1 =        0.330217710
warning: possible inaccuracy in H matrix
-----------------
-----------------
f at the beginning of new iteration,         0.0475137132
x =      0.78379902            0.5
Correct for low angle: -1
Predicted improvement:        0.403995218
lambda =          1; f =     10000003.9527888
lambda =    0.33333; f =     10000001.6047883
lambda =    0.11111; f =            0.0905875
lambda =   0.037037; f =            0.0262098
lambda =   0.071599; f =            0.0455220
lambda =   0.048211; f =            0.0281249
Norm of dx     1.1405
ih =
     1
----
Improvement on iteration 2 =        0.021303930
-----------------
-----------------
f at the beginning of new iteration,         0.0262097834
x =      0.82603844            0.5
Predicted improvement:        0.000147497
lambda =          1; f =            0.0262471
lambda =    0.33333; f =            0.0261480
Norm of dx  0.0044071
ih =
     1
----
Improvement on iteration 3 =        0.000061759
-----------------
-----------------
f at the beginning of new iteration,         0.0261480245
x =      0.82750748            0.5
Predicted improvement:        0.000004246
lambda =          1; f =            0.0261438
Norm of dx  0.0004998
ih =
     1
----
Improvement on iteration 4 =        0.000004204
-----------------
-----------------
f at the beginning of new iteration,         0.0261438207
x =      0.82800728            0.5
Predicted improvement:        0.000000000
lambda =          1; f =            0.0261438
Norm of dx 5.3039e-06
ih =
     1
----
Improvement on iteration 5 =        0.000000000
improvement < crit termination

MODEL SUMMARY

  Number of variables:         4
  Number of stochastic shocks: 1
  Number of state variables:   2
  Number of jumpers:           2
  Number of static variables:  1


MATRIX OF COVARIANCE OF EXOGENOUS SHOCKS
Variables           e
e            1.000000



THEORETICAL MOMENTS
VARIABLE         MEAN  STD. DEV.   VARIANCE
log(y)         0.9967     1.0169     1.0341
log(c)         0.7940     0.4288     0.1839
log(k)         2.9902     0.6572     0.4319
log(A)         0.0000     0.9561     0.9141



MATRIX OF CORRELATIONS
Variables    log(y)  log(c)  log(k)  log(A)
log(y)       1.0000  0.5940  0.5353  0.9772
log(c)       0.5940  1.0000  0.9975  0.4097
log(k)       0.5353  0.9975  1.0000  0.3439
log(A)       0.9772  0.4097  0.3439  1.0000



COEFFICIENTS OF AUTOCORRELATION
Order          1       2       3       4       5
log(y)    0.5747  0.3586  0.2472  0.1883  0.1558
log(c)    0.9750  0.9402  0.9017  0.8622  0.8232
log(k)    0.9842  0.9536  0.9167  0.8777  0.8385
log(A)    0.5000  0.2500  0.1250  0.0625  0.0313
Total computing time : 0h00m06s
