Starting Dynare (version 5.4).
Calling Dynare with arguments: none
Starting preprocessing of the model file ...
Found 15 equation(s).
Evaluating expressions...done
Computing static model derivatives (order 1).
Computing dynamic model derivatives (order 1).
Processing outputs ...
done
Preprocessing completed.


STEADY-STATE RESULTS:

y   		 1.48649
c   		 1.11695
i   		 0.339769
h   		 1.00742
k   		 3.39769
r   		 0.04
d   		 0.7442
A   		 1
tby 		 1.02023
tb  		 1.03022
ca  		 1
cay 		 1
la  		 5.60908
Uc  		 5.60908
Uh  		 5.62797

MODEL SUMMARY

  Number of variables:         15
  Number of stochastic shocks: 1
  Number of state variables:   3
  Number of jumpers:           4
  Number of static variables:  9


MATRIX OF COVARIANCE OF EXOGENOUS SHOCKS
Variables         eps
eps          9.486400

POLICY AND TRANSITION FUNCTIONS
                                   log(y)               log(c)               log(i)               log(h)             log(tby)             log(cay)
Constant                         0.396416             0.110602            -1.079491             0.007391             0.020026                    0
log(r(-1))                              0            -0.001122            -0.001886                    0             0.001274            -0.018751
log(d(-1))                              0            -0.029177            -0.049030                    0             0.033131             0.013105
log(k(-1))                       0.600774             0.506431            -3.996887             0.412903             1.121784             1.133815
eps                             -0.017055            -0.011117            -0.000855            -0.011722            -0.008165            -0.008506


THEORETICAL MOMENTS
VARIABLE         MEAN  STD. DEV.   VARIANCE
log(y)         0.3964     0.0527     0.0028
log(c)         0.1106     0.0405     0.0016
log(i)        -1.0795     0.0068     0.0000
log(h)         0.0074     0.0362     0.0013
log(tby)       0.0200     0.0288     0.0008
log(cay)       0.0000     0.0262     0.0007



MATRIX OF CORRELATIONS
Variables      log(y)    log(c)    log(i)    log(h)  log(tby)  log(cay)
log(y)         1.0000    0.8811    0.4479    1.0000    0.8367    0.9937
log(c)         0.8811    1.0000    0.8097    0.8811    0.4784    0.8225
log(i)         0.4479    0.8097    1.0000    0.4479   -0.1074    0.3451
log(h)         1.0000    0.8811    0.4479    1.0000    0.8367    0.9937
log(tby)       0.8367    0.4784   -0.1074    0.8367    1.0000    0.8929
log(cay)       0.9937    0.8225    0.3451    0.9937    0.8929    1.0000



COEFFICIENTS OF AUTOCORRELATION
Order             1        2        3        4        5
log(y)       0.0080   0.0094   0.0101   0.0104   0.0105
log(c)       0.3192   0.3191   0.3186   0.3178   0.3168
log(i)       0.9085   0.8633   0.8403   0.8279   0.8206
log(h)       0.0080   0.0094   0.0101   0.0104   0.0105
log(tby)     0.1922   0.1962   0.1977   0.1981   0.1980
log(cay)    -0.0125  -0.0068  -0.0041  -0.0027  -0.0021
-----------------
-----------------
f at the beginning of new iteration,         6.3953326030
x =            1.42         0.0129          0.028       0.000742
Predicted improvement:        1.234549915
lambda =          1; f =            3.8148467
lambda =     1.9332; f =            2.5072510
lambda =     3.7372; f =            6.5447914
lambda =     2.5164; f =            3.1966025
Norm of dx    0.35136

ih =

     1

----
Improvement on iteration 1 =        3.888081644
-----------------
-----------------
f at the beginning of new iteration,         2.5072509588
x =       1.4155693     0.69213153          0.028       0.000742
Predicted improvement:        0.004444609
lambda =          1; f =            2.5128077
lambda =    0.33333; f =            2.5058987
Norm of dx   0.028639

ih =

     1

----
Improvement on iteration 2 =        0.001352272
-----------------
-----------------
f at the beginning of new iteration,         2.5058986865
x =       1.4161896     0.68260531          0.028       0.000742
Predicted improvement:        0.000263507
lambda =          1; f =            2.5053809
lambda =     1.9332; f =            2.5049147
lambda =     3.7372; f =            2.5040613
lambda =     7.2247; f =            2.5025991
lambda =     13.967; f =            2.5005442
lambda =         27; f =            2.5000362
Norm of dx  0.0051696

ih =

     1

----
Improvement on iteration 3 =        0.005862516
-----------------
-----------------
f at the beginning of new iteration,         2.5000361702
x =       1.2823688     0.64292659          0.028       0.000742
Predicted improvement:        0.006243256
lambda =          1; f =            2.4879116
lambda =     1.9332; f =            2.4774086
lambda =     3.7372; f =     10000001.2099497
lambda =     2.5164; f =            2.4713666
lambda =     3.1904; f =            2.4650206
lambda =     4.0448; f =     10000001.1500935
lambda =      3.508; f =            2.4623108
lambda =     3.8209; f =     10000001.1935138
lambda =       3.63; f =     10000001.2311694
lambda =       3.52; f =            2.4622124
lambda =     3.5856; f =     10000001.2400070
lambda =     3.5461; f =            2.4619995
Norm of dx   0.089645
 
************************* Random search. *****************************************
************************* Random search. *****************************************
 
Cliff.  Perturbing search direction.
Predicted improvement:        0.162286620
lambda =          1; f =            4.1357416
lambda =    0.33333; f =            2.7643482
lambda =    0.11111; f =            2.5125216
lambda =   0.037037; f =            2.4936406
Norm of dx    0.46411

badg2 =

     0


ih =

     2

----
Improvement on iteration 4 =        0.006395583
-----------------
-----------------
f at the beginning of new iteration,         2.4936405875
x =       1.2962279     0.63275789          0.028       0.000742
Predicted improvement:        0.010218381
lambda =          1; f =            2.4733359
lambda =     1.9332; f =     10000001.0784187
lambda =     1.3017; f =            2.4672793
lambda =     1.6503; f =     10000001.2047487
lambda =     1.4313; f =            2.4646902
lambda =      1.559; f =            2.4621488
lambda =      1.698; f =     10000001.1829684
lambda =     1.6131; f =     10000001.2218699
lambda =     1.5643; f =            2.4620427
lambda =     1.5934; f =     10000001.2310035
lambda =     1.5759; f =     10000001.2391568
Norm of dx    0.20917
 
************************* Random search. *****************************************
************************* Random search. *****************************************
 
Cliff.  Perturbing search direction.
Predicted improvement:        0.011544877
lambda =          1; f =            2.4749749
lambda =     1.9332; f =     10000000.9111256
lambda =     1.3017; f =     10000001.2405856
lambda =     1.0267; f =            2.4746732
lambda =     1.1838; f =            2.4732398
lambda =      1.365; f =     10000001.2052678
lambda =     1.2532; f =            2.4728150
lambda =     1.3191; f =     10000001.2308137
lambda =     1.2792; f =     10000001.2532907
lambda =     1.2558; f =            2.4728019
lambda =     1.2698; f =     10000001.2586129
Norm of dx    0.25347
Cliff again.  Try traversing

gcliff =

    0.0131
    0.5162
         0
         0

Predicted improvement:        0.133313102
lambda =          1; f =            5.5286256
lambda =    0.33333; f =            2.9879106
lambda =    0.11111; f =            2.5484181
lambda =   0.037037; f =            2.4979864
lambda =   0.012346; f =            2.4935179
lambda =  0.0041152; f =            2.4934248
lambda =  0.0013717; f =            2.4935492
lambda = 0.00045725; f =            2.4936080
lambda = 0.00015242; f =            2.4936295
lambda = 5.0805e-05; f =            2.4936369
lambda = 1.6935e-05; f =            2.4936393
lambda =  5.645e-06; f =            2.4936402
lambda = 1.8817e-06; f =            2.4936404
lambda = 6.2723e-07; f =            2.4936405
lambda = 2.0908e-07; f =            2.4936406
lambda = 6.9692e-08; f =            2.4936406
lambda = 2.3231e-08; f =            2.4936406
lambda = 7.7435e-09; f =            2.4936406
lambda = 2.5812e-09; f =            2.4936406
Norm of dx    0.51636

badg3 =

     0


ih =

     3

----
Improvement on iteration 5 =        0.000215781
smallest step still improving too slow
-----------------
-----------------
f at the beginning of new iteration,         2.4934248068
x =       1.2961739     0.63063364          0.028       0.000742
Predicted improvement:        0.009948141
lambda =          1; f =            2.4733904
lambda =     1.9332; f =     10000001.0834729
lambda =     1.3017; f =            2.4672970
lambda =     1.6503; f =     10000001.2089862
lambda =     1.4313; f =            2.4646738
lambda =      1.559; f =            2.4620877
lambda =      1.698; f =     10000001.1873515
lambda =     1.6131; f =     10000001.2259914
lambda =     1.5643; f =            2.4619795
lambda =     1.5934; f =     10000001.2350627
lambda =     1.5759; f =     10000001.2431602
Norm of dx    0.20744
 
************************* Random search. *****************************************
************************* Random search. *****************************************
 
Cliff.  Perturbing search direction.
Predicted improvement:        0.015893023
lambda =          1; f =     10000001.2197264
lambda =    0.33333; f =            2.4864176
Norm of dx    0.34088

badg2 =

     0


ih =

     2

----
Improvement on iteration 6 =        0.007007202
-----------------
-----------------
f at the beginning of new iteration,         2.4864176048
x =       1.1885909     0.59407138          0.028       0.000742
Predicted improvement:        0.017912349
lambda =          1; f =     10000000.8602141
lambda =    0.33333; f =            2.4748085
lambda =    0.64439; f =     10000001.1454198
lambda =     0.4339; f =            2.4714919
lambda =    0.55011; f =     10000001.2279019
lambda =     0.4771; f =            2.4701047
lambda =    0.51965; f =     10000001.2551572
lambda =    0.49369; f =            2.4695790
lambda =    0.50911; f =            2.4690937
lambda =    0.52501; f =     10000001.2503433
lambda =    0.51541; f =     10000001.2589794
lambda =    0.50973; f =            2.4690741
Norm of dx    0.40215
 
************************* Random search. *****************************************
************************* Random search. *****************************************
 
Cliff.  Perturbing search direction.
Predicted improvement:        0.185137571
lambda =          1; f =            5.4319483
lambda =    0.33333; f =            3.1512330
lambda =    0.11111; f =            2.5597435
lambda =   0.037037; f =            2.4863344
lambda =   0.012346; f =            2.4833901
Norm of dx    0.64675

badg2 =

     0


ih =

     2

----
Improvement on iteration 7 =        0.003027522
-----------------
-----------------
f at the beginning of new iteration,         2.4833900826
x =       1.1945563     0.58876406          0.028       0.000742
Predicted improvement:        0.025986915
lambda =          1; f =     10000000.6654980
lambda =    0.33333; f =            2.4661747
lambda =    0.64439; f =     10000000.9986925
lambda =     0.4339; f =     10000001.2277134
lambda =    0.34224; f =            2.4657184
lambda =    0.39461; f =            2.4630399
lambda =    0.45499; f =     10000001.2037024
lambda =    0.41773; f =            2.4618598
lambda =     0.4397; f =     10000001.2210811
lambda =    0.42639; f =     10000001.2363238
lambda =    0.41859; f =     10000001.2452909
Norm of dx    0.51652
 
************************* Random search. *****************************************
************************* Random search. *****************************************
 
Cliff.  Perturbing search direction.
Predicted improvement:        0.057050317
lambda =          1; f =     10000000.5910865
lambda =    0.33333; f =            2.6476385
lambda =    0.11111; f =            2.4904679
lambda =   0.037037; f =            2.4812549
Norm of dx    0.63235

badg2 =

     0


ih =

     2

----
Improvement on iteration 8 =        0.002135203
-----------------
-----------------
f at the beginning of new iteration,         2.4812548796
x =       1.1783436     0.57186282          0.028       0.000742
Predicted improvement:        0.023536134
lambda =          1; f =     10000000.6737485
lambda =    0.33333; f =            2.4654069
lambda =    0.64439; f =     10000000.9895498
lambda =     0.4339; f =     10000001.2050526
lambda =    0.34224; f =            2.4649794
lambda =    0.39461; f =            2.4624614
lambda =    0.45499; f =     10000001.1825040
lambda =    0.41773; f =     10000001.2224810
lambda =    0.39686; f =            2.4623529
lambda =    0.40926; f =     10000001.2316709
lambda =    0.40177; f =     10000001.2398108
lambda =    0.39735; f =            2.4623294
Norm of dx    0.48964
 
************************* Random search. *****************************************
************************* Random search. *****************************************
 
Cliff.  Perturbing search direction.
Predicted improvement:        0.074011993
lambda =          1; f =     10000000.1825681
lambda =    0.33333; f =     10000000.9854511
lambda =    0.11111; f =            2.4855456
lambda =   0.037037; f =            2.4777803
Norm of dx     0.9941

badg2 =

     0


ih =

     2

----
Improvement on iteration 9 =        0.003474538
-----------------
-----------------
f at the beginning of new iteration,         2.4777803411
x =        1.142259     0.56454779          0.028       0.000742
Predicted improvement:        0.027570991
lambda =          1; f =     10000000.4828462
lambda =    0.33333; f =     10000001.1689024
lambda =    0.11111; f =            2.4716755
lambda =     0.2148; f =            2.4660428
lambda =    0.41524; f =     10000001.0684696
lambda =     0.2796; f =     10000001.2372407
lambda =    0.22054; f =            2.4657337
lambda =    0.25428; f =            2.4639234
lambda =    0.29319; f =     10000001.2197728
lambda =    0.26918; f =     10000001.2507145
lambda =    0.25573; f =            2.4638458
lambda =    0.26372; f =            2.4634194
lambda =    0.27196; f =     10000001.2471197
lambda =    0.26699; f =            2.4632454
lambda =    0.26996; f =     10000001.2497111
Norm of dx    0.58049
 
************************* Random search. *****************************************
************************* Random search. *****************************************
 
Cliff.  Perturbing search direction.
Predicted improvement:        0.056876964
lambda =          1; f =     10000000.4716041
lambda =    0.33333; f =     10000001.1466124
lambda =    0.11111; f =            2.4837881
lambda =   0.037037; f =            2.4755289
Norm of dx    0.64839

badg2 =

     0


ih =

     2

----
Improvement on iteration 10 =        0.002251415
-----------------
-----------------
f at the beginning of new iteration,         2.4755289257
x =       1.1250184     0.54783071          0.028       0.000742
Predicted improvement:        0.031846871
lambda =          1; f =     10000000.3499431
lambda =    0.33333; f =     10000001.0640058
lambda =    0.11111; f =            2.4684253
lambda =     0.2148; f =     10000001.2316042
lambda =    0.14463; f =            2.4662719
lambda =    0.18337; f =            2.4637780
lambda =    0.23248; f =     10000001.2058269
lambda =    0.20163; f =            2.4626004
lambda =    0.21961; f =     10000001.2245638
lambda =    0.20864; f =     10000001.2406527
lambda =    0.20232; f =            2.4625559
lambda =    0.20608; f =            2.4623127
lambda =    0.20992; f =     10000001.2387599
lambda =    0.20761; f =            2.4622142
Norm of dx    0.66075
 
************************* Random search. *****************************************
************************* Random search. *****************************************
 
Cliff.  Perturbing search direction.
Predicted improvement:        0.102707017
lambda =          1; f =     10000000.1317228
lambda =    0.33333; f =     10000000.6942378
lambda =    0.11111; f =     10000001.2320089
lambda =   0.037037; f =            2.4728370
Norm of dx     1.3316

badg2 =

     0


ih =

     2

----
Improvement on iteration 11 =        0.002691966
-----------------
-----------------
f at the beginning of new iteration,         2.4728369602
x =       1.0764867      0.5390513          0.028       0.000742
Predicted improvement:        0.033649426
lambda =          1; f =     10000000.2706335
lambda =    0.33333; f =     10000000.9527525
lambda =    0.11111; f =            2.4653941
lambda =     0.2148; f =     10000001.1176980
lambda =    0.14463; f =     10000001.2215463
lambda =    0.11408; f =            2.4651964
lambda =    0.13154; f =     10000001.2414424
lambda =    0.12077; f =            2.4647514
lambda =    0.12712; f =     10000001.2481913
lambda =    0.12327; f =            2.4645850
lambda =    0.12556; f =     10000001.2505694
lambda =    0.12418; f =     10000001.2526867
Norm of dx    0.68492
 
************************* Random search. *****************************************
************************* Random search. *****************************************
 
Cliff.  Perturbing search direction.
Predicted improvement:        0.064855168
lambda =          1; f =     10000000.5784189
lambda =    0.33333; f =     10000001.1092691
lambda =    0.11111; f =            2.4680258
Norm of dx    0.47589

badg2 =

     0


ih =

     2

----
Improvement on iteration 12 =        0.004811176
-----------------
-----------------
f at the beginning of new iteration,         2.4680257845
x =       1.0379259     0.50287115          0.028       0.000742
Predicted improvement:        0.035526094
lambda =          1; f =     10000000.1832238
lambda =    0.33333; f =     10000000.8309818
lambda =    0.11111; f =     10000001.1512527
lambda =   0.037037; f =            2.4653874
lambda =   0.071599; f =     10000001.2136611
lambda =   0.048211; f =            2.4645886
lambda =   0.061123; f =     10000001.2304853
lambda =   0.053011; f =            2.4642451
lambda =   0.057739; f =     10000001.2359441
lambda =   0.054854; f =            2.4641132
lambda =   0.056567; f =            2.4639905
lambda =   0.058334; f =     10000001.2349834
lambda =   0.057267; f =            2.4639404
lambda =   0.057905; f =     10000001.2356760
Norm of dx    0.72683
 
************************* Random search. *****************************************
************************* Random search. *****************************************
 
Cliff.  Perturbing search direction.
Predicted improvement:        0.359887068
lambda =          1; f =            2.8883844
lambda =    0.33333; f =     10000000.3221883
lambda =    0.11111; f =     10000000.8734488
lambda =   0.037037; f =     10000001.1649801
lambda =   0.012346; f =            2.4632758
Norm of dx      2.216

badg2 =

     0


ih =

     2

----
Improvement on iteration 13 =        0.004750019
-----------------
-----------------
f at the beginning of new iteration,         2.4632757658
x =       1.0105796     0.50207253          0.028       0.000742
Predicted improvement:        0.039206926
lambda =          1; f =     10000000.1002206
lambda =    0.33333; f =     10000000.7353204
lambda =    0.11111; f =     10000001.0781387
lambda =   0.037037; f =     10000001.2069802
lambda =   0.012346; f =            2.4623083
lambda =   0.023866; f =     10000001.2306513
lambda =    0.01607; f =     10000001.2447716
lambda =   0.012676; f =            2.4622825
lambda =   0.014615; f =     10000001.2474162
lambda =   0.013418; f =            2.4622243
lambda =   0.014124; f =            2.4621691
lambda =   0.014867; f =     10000001.2469583
lambda =   0.014417; f =     10000001.2477770
lambda =   0.014153; f =            2.4621668
lambda =   0.014311; f =     10000001.2479698
Norm of dx    0.81473
 
************************* Random search. *****************************************
************************* Random search. *****************************************
 
Cliff.  Perturbing search direction.
Predicted improvement:        0.052230928
lambda =          1; f =     10000000.0633706
lambda =    0.33333; f =     10000000.6941454
lambda =    0.11111; f =     10000001.0612035
lambda =   0.037037; f =     10000001.2009784
lambda =   0.012346; f =            2.4620358
lambda =   0.023866; f =     10000001.2267429
lambda =    0.01607; f =     10000001.2421236
lambda =   0.012676; f =            2.4620040
lambda =   0.014615; f =     10000001.2450053
lambda =   0.013418; f =            2.4619328
lambda =   0.014124; f =     10000001.2459783
lambda =   0.013696; f =            2.4619062
lambda =   0.013951; f =     10000001.2463206
lambda =   0.013798; f =            2.4618966
Norm of dx    0.89095
Cliff again.  Try traversing

gcliff =

    0.0062
    0.1759
         0
         0

Predicted improvement:        0.015493232
lambda =          1; f =            3.2501054
lambda =    0.33333; f =            2.5552022
lambda =    0.11111; f =            2.4708752
lambda =   0.037037; f =            2.4631836
lambda =   0.012346; f =            2.4629526
lambda =   0.023866; f =            2.4629149
Norm of dx    0.17603

badg3 =

     0


ih =

     3

----
Improvement on iteration 14 =        0.000360887
-----------------
-----------------
f at the beginning of new iteration,         2.4629148784
x =       1.0104323     0.49787391          0.028       0.000742
Predicted improvement:        0.041035163
lambda =          1; f =     10000000.0833036
lambda =    0.33333; f =     10000000.7173505
lambda =    0.11111; f =     10000001.0681143
lambda =   0.037037; f =     10000001.2005260
lambda =   0.012346; f =            2.4619015
lambda =   0.023866; f =     10000001.2248803
lambda =    0.01607; f =     10000001.2394117
lambda =   0.012676; f =            2.4618744
lambda =   0.014615; f =     10000001.2421337
lambda =   0.013418; f =            2.4618134
lambda =   0.014124; f =     10000001.2430527
lambda =   0.013696; f =     10000001.2438537
lambda =   0.013446; f =            2.4618112
lambda =   0.013596; f =            2.4617989
lambda =   0.013747; f =     10000001.2437589
Norm of dx    0.84011
 
************************* Random search. *****************************************
************************* Random search. *****************************************
 
Cliff.  Perturbing search direction.
Predicted improvement:        0.053162328
lambda =          1; f =     10000000.0394643
lambda =    0.33333; f =     10000000.6432075
lambda =    0.11111; f =     10000001.0367855
lambda =   0.037037; f =     10000001.1893482
lambda =   0.012346; f =     10000001.2425769
lambda =  0.0041152; f =            2.4624844
lambda =  0.0079555; f =            2.4620956
lambda =   0.015379; f =     10000001.2359729
lambda =   0.010356; f =            2.4618592
lambda =   0.013129; f =     10000001.2408698
lambda =   0.011387; f =     10000001.2446681
lambda =   0.010454; f =            2.4618495
lambda =   0.011004; f =            2.4617961
lambda =   0.011583; f =     10000001.2442400
lambda =   0.011232; f =     10000001.2450054
lambda =   0.011027; f =            2.4617939
lambda =    0.01115; f =            2.4617820
lambda =   0.011274; f =     10000001.2449147
Norm of dx    0.98675
Cliff again.  Try traversing

gcliff =

    0.0006
   -0.0132
         0
         0

Predicted improvement:        0.000086872
lambda =          1; f =            2.4679905
lambda =    0.33333; f =            2.4633183
lambda =    0.11111; f =            2.4629064
Norm of dx   0.013181

badg3 =

     0


ih =

     3

----
Improvement on iteration 15 =        0.000008519
-----------------
-----------------
f at the beginning of new iteration,         2.4629063597
x =        1.010366     0.49933699          0.028       0.000742
Predicted improvement:        0.041136247
lambda =          1; f =     10000000.0832007
lambda =    0.33333; f =     10000000.7178574
lambda =    0.11111; f =     10000001.0691285
lambda =   0.037037; f =     10000001.2017432
lambda =   0.012346; f =            2.4618906
lambda =   0.023866; f =     10000001.2261353
lambda =    0.01607; f =     10000001.2406894
lambda =   0.012676; f =            2.4618635
lambda =   0.014615; f =     10000001.2434157
lambda =   0.013418; f =            2.4618023
lambda =   0.014124; f =     10000001.2443361
lambda =   0.013696; f =     10000001.2451384
lambda =   0.013446; f =            2.4618001
lambda =   0.013596; f =     10000001.2453273
Norm of dx    0.84103
 
************************* Random search. *****************************************
************************* Random search. *****************************************
 
Cliff.  Perturbing search direction.
Predicted improvement:        0.061020787
lambda =          1; f =     10000000.0436766
lambda =    0.33333; f =     10000000.5072295
lambda =    0.11111; f =     10000000.9769800
lambda =   0.037037; f =     10000001.1685894
lambda =   0.012346; f =     10000001.2363509
lambda =  0.0041152; f =            2.4624159
lambda =  0.0079555; f =            2.4619800
lambda =   0.015379; f =     10000001.2279205
lambda =   0.010356; f =     10000001.2418971
lambda =   0.008168; f =            2.4619565
lambda =  0.0094179; f =     10000001.2445149
lambda =  0.0086467; f =            2.4619038
lambda =  0.0091015; f =     10000001.2453988
lambda =  0.0088258; f =     10000001.2461691
lambda =  0.0086645; f =            2.4619019
lambda =  0.0087609; f =     10000001.2463505
Norm of dx     1.2633
Cliff again.  Try traversing

gcliff =

   -0.0067
    0.0829
         0
         0

Predicted improvement:        0.003457866
lambda =          1; f =            2.6815125
lambda =    0.33333; f =            2.4877998
lambda =    0.11111; f =            2.4654538
lambda =   0.037037; f =            2.4631082
lambda =   0.012346; f =            2.4629015
lambda =  0.0041152; f =            2.4628967
Norm of dx   0.083161

badg3 =

     0


ih =

     3

----
Improvement on iteration 16 =        0.000009630
-----------------
-----------------
f at the beginning of new iteration,         2.4628967293
x =       1.0103935     0.49899587          0.028       0.000742
Predicted improvement:        0.041156409
lambda =          1; f =     10000000.0828394
lambda =    0.33333; f =     10000000.7173806
lambda =    0.11111; f =     10000001.0687611
lambda =   0.037037; f =     10000001.2014287
lambda =   0.012346; f =            2.4618804
lambda =   0.023866; f =     10000001.2258310
lambda =    0.01607; f =     10000001.2403914
lambda =   0.012676; f =            2.4618533
lambda =   0.014615; f =     10000001.2431188
lambda =   0.013418; f =            2.4617921
lambda =   0.014124; f =     10000001.2440396
lambda =   0.013696; f =     10000001.2448422
lambda =   0.013446; f =            2.4617899
lambda =   0.013596; f =            2.4617775
lambda =   0.013747; f =     10000001.2447472
Norm of dx    0.84147
 
************************* Random search. *****************************************
************************* Random search. *****************************************
 
Cliff.  Perturbing search direction.
Predicted improvement:        0.062866394
lambda =          1; f =     10000000.0606739
lambda =    0.33333; f =     10000000.5123501
lambda =    0.11111; f =     10000000.9784574
lambda =   0.037037; f =     10000001.1688874
lambda =   0.012346; f =     10000001.2362598
lambda =  0.0041152; f =            2.4624014
lambda =  0.0079555; f =            2.4619798
lambda =   0.015379; f =     10000001.2278771
lambda =   0.010356; f =     10000001.2417747
lambda =   0.008168; f =            2.4619576
lambda =  0.0094179; f =     10000001.2443777
lambda =  0.0086467; f =     10000001.2465205
lambda =  0.0082147; f =            2.4619528
lambda =  0.0084712; f =            2.4619262
lambda =  0.0087358; f =     10000001.2462728
lambda =  0.0085761; f =            2.4619154
lambda =  0.0086716; f =     10000001.2464514
Norm of dx     1.2639
Cliff again.  Try traversing

gcliff =

   -0.0005
    0.0800
         0
         0

Predicted improvement:        0.003199275
lambda =          1; f =            2.6573271
lambda =    0.33333; f =            2.4849896
lambda =    0.11111; f =            2.4652268
lambda =   0.037037; f =            2.4631092
lambda =   0.012346; f =            2.4629048
lambda =  0.0041152; f =            2.4628924
lambda =  0.0013717; f =            2.4628945
lambda = 0.00045725; f =            2.4628959
lambda = 0.00015242; f =            2.4628964
lambda = 5.0805e-05; f =            2.4628966
lambda = 1.6935e-05; f =            2.4628967
lambda =  5.645e-06; f =            2.4628967
lambda = 1.8817e-06; f =            2.4628967
lambda = 6.2723e-07; f =            2.4628967
lambda = 2.0908e-07; f =            2.4628967
lambda = 6.9692e-08; f =            2.4628967
lambda = 2.3231e-08; f =            2.4628967
lambda = 7.7435e-09; f =            2.4628967
lambda = 2.5812e-09; f =            2.4628967
Norm of dx   0.079991

badg3 =

     0


ih =

     3

----
Improvement on iteration 17 =        0.000004301
smallest step still improving too slow
-----------------
-----------------
f at the beginning of new iteration,         2.4628924279
x =       1.0103955      0.4986667          0.028       0.000742
Predicted improvement:        0.041143243
lambda =          1; f =     10000000.0829989
lambda =    0.33333; f =     10000000.7173605
lambda =    0.11111; f =     10000001.0685541
lambda =   0.037037; f =     10000001.2011452
lambda =   0.012346; f =            2.4618764
lambda =   0.023866; f =     10000001.2255332
lambda =    0.01607; f =     10000001.2400849
lambda =   0.012676; f =            2.4618493
lambda =   0.014615; f =     10000001.2428107
lambda =   0.013418; f =            2.4617881
lambda =   0.014124; f =     10000001.2437310
lambda =   0.013696; f =     10000001.2445331
lambda =   0.013446; f =            2.4617859
lambda =   0.013596; f =            2.4617736
lambda =   0.013747; f =     10000001.2444382
Norm of dx    0.84109
 
************************* Random search. *****************************************
************************* Random search. *****************************************
 
Cliff.  Perturbing search direction.
Predicted improvement:        0.079586384
lambda =          1; f =     10000000.2481221
lambda =    0.33333; f =     10000000.4107002
lambda =    0.11111; f =     10000000.9261449
lambda =   0.037037; f =     10000001.1492100
lambda =   0.012346; f =     10000001.2292596
lambda =  0.0041152; f =            2.4622979
lambda =  0.0079555; f =     10000001.2437907
lambda =  0.0053568; f =            2.4621427
lambda =  0.0067914; f =            2.4619777
lambda =  0.0086103; f =     10000001.2416176
lambda =  0.0074677; f =     10000001.2454109
lambda =  0.0068562; f =            2.4619706
lambda =  0.0072168; f =     10000001.2462446
lambda =  0.0069982; f =     10000001.2469711
lambda =  0.0068703; f =            2.4619690
lambda =  0.0069468; f =            2.4619607
lambda =  0.0070241; f =     10000001.2468851
Norm of dx     1.5281
Cliff again.  Try traversing

gcliff =

    0.0019
    0.0801
         0
         0

Predicted improvement:        0.003209625
lambda =          1; f =            2.6549204
lambda =    0.33333; f =            2.4849502
lambda =    0.11111; f =            2.4653231
lambda =   0.037037; f =            2.4631517
lambda =   0.012346; f =            2.4629176
lambda =  0.0041152; f =            2.4628940
lambda =  0.0013717; f =            2.4628922
lambda = 0.00045725; f =            2.4628923
lambda = 0.00015242; f =            2.4628924
lambda = 5.0805e-05; f =            2.4628924
lambda = 1.6935e-05; f =            2.4628924
lambda =  5.645e-06; f =            2.4628924
lambda = 1.8817e-06; f =            2.4628924
lambda = 6.2723e-07; f =            2.4628924
lambda = 2.0908e-07; f =            2.4628924
lambda = 6.9692e-08; f =            2.4628924
lambda = 2.3231e-08; f =            2.4628924
lambda = 7.7435e-09; f =            2.4628924
lambda = 2.5812e-09; f =            2.4628924
Norm of dx    0.08012

badg3 =

     0


ih =

     3

----
Improvement on iteration 18 =        0.000000233
smallest step still improving too slow
-----------------
-----------------
f at the beginning of new iteration,         2.4628921947
x =       1.0103929     0.49855682          0.028       0.000742
Predicted improvement:        0.041141499
lambda =          1; f =     10000000.0830900
lambda =    0.33333; f =     10000000.7173829
lambda =    0.11111; f =     10000001.0684927
lambda =   0.037037; f =     10000001.2010491
lambda =   0.012346; f =            2.4618762
lambda =   0.023866; f =     10000001.2254306
lambda =    0.01607; f =     10000001.2399784
lambda =   0.012676; f =            2.4618491
lambda =   0.014615; f =     10000001.2427035
lambda =   0.013418; f =            2.4617879
lambda =   0.014124; f =     10000001.2436235
lambda =   0.013696; f =     10000001.2444254
lambda =   0.013446; f =            2.4617857
lambda =   0.013596; f =            2.4617734
lambda =   0.013747; f =     10000001.2443305
Norm of dx    0.84091
 
************************* Random search. *****************************************
************************* Random search. *****************************************
 
Cliff.  Perturbing search direction.
Predicted improvement:        0.073081693
lambda =          1; f =     10000000.1354625
lambda =    0.33333; f =     10000000.4617271
lambda =    0.11111; f =     10000000.9529281
lambda =   0.037037; f =     10000001.1591558
lambda =   0.012346; f =     10000001.2326200
lambda =  0.0041152; f =            2.4623308
lambda =  0.0079555; f =     10000001.2459293
lambda =  0.0053568; f =            2.4621775
lambda =  0.0067914; f =            2.4620097
lambda =  0.0086103; f =     10000001.2439394
lambda =  0.0074677; f =            2.4619342
lambda =  0.0081336; f =     10000001.2453877
lambda =  0.0077272; f =     10000001.2466233
lambda =  0.0074932; f =            2.4619314
lambda =  0.0076328; f =            2.4619161
lambda =  0.0077749; f =     10000001.2464783
lambda =  0.0076893; f =            2.4619099
Norm of dx     1.3915
Cliff again.  Try traversing

gcliff =

    0.0008
    0.0652
         0
         0

Predicted improvement:        0.002126713
lambda =          1; f =            2.5934288
lambda =    0.33333; f =            2.4778316
lambda =    0.11111; f =            2.4645708
lambda =   0.037037; f =            2.4630828
lambda =   0.012346; f =            2.4629147
lambda =  0.0041152; f =            2.4628951
lambda =  0.0013717; f =            2.4628927
lambda = 0.00045725; f =            2.4628923
lambda = 0.00015242; f =            2.4628922
lambda = 5.0805e-05; f =            2.4628922
lambda = 1.6935e-05; f =            2.4628922
lambda =  5.645e-06; f =            2.4628922
lambda = 1.8817e-06; f =            2.4628922
lambda = 6.2723e-07; f =            2.4628922
lambda = 2.0908e-07; f =            2.4628922
lambda = 6.9692e-08; f =            2.4628922
lambda = 2.3231e-08; f =            2.4628922
lambda = 7.7435e-09; f =            2.4628922
lambda = 2.5812e-09; f =            2.4628922

lambda =

  -6.2723e-07

lambda = -6.2723e-07; f =            2.4628922
Norm of dx   0.065218

badg3 =

     0


ih =

     3

----
Improvement on iteration 19 =        0.000000000
improvement < crit termination

x_opt_hat =

    1.0104    0.4986    0.0280    0.0007


MODEL SUMMARY

  Number of variables:         15
  Number of stochastic shocks: 1
  Number of state variables:   3
  Number of jumpers:           4
  Number of static variables:  9


MATRIX OF COVARIANCE OF EXOGENOUS SHOCKS
Variables         eps
eps          9.486400



THEORETICAL MOMENTS
VARIABLE          MEAN   STD. DEV.    VARIANCE
log(y)          0.3964      2.8604      8.1822
log(c)          0.1106      2.2000      4.8398
log(i)         -1.0795      0.3717      0.1382
log(h)          0.0074      1.9659      3.8649
log(k)          1.2231      0.3381      0.1143
log(r)         -3.2189      0.4748      0.2254
log(d)         -0.2954     34.3943   1182.9705
log(A)          0.0000      1.5198      2.3097
log(tby)        0.0200      1.5638      2.4455
log(tb)         0.0298      2.3963      5.7423
log(ca)         0.0000      2.1173      4.4831
log(cay)        0.0000      1.4244      2.0289
log(la)         1.7244      5.5677     30.9991
log(Uc)         1.7244      5.5677     30.9991
log(Uh)         1.7277      5.5037     30.2909



MATRIX OF CORRELATIONS
Variables      log(y)    log(c)    log(i)    log(h)    log(k)    log(r)    log(d)    log(A)  log(tby)   log(tb)   log(ca)  log(cay)   log(la)   log(Uc)   log(Uh)
log(y)         1.0000    0.8811    0.4479    1.0000    0.1131   -0.1531   -0.1531    0.9975    0.8367    0.8472    0.9937    0.9937   -0.1514   -0.1514    0.0093
log(c)         0.8811    1.0000    0.8097    0.8811    0.5694   -0.6022   -0.6022    0.8454    0.4784    0.4954    0.8225    0.8225   -0.6008   -0.6008   -0.4646
log(i)         0.4479    0.8097    1.0000    0.4479    0.9191   -0.9362   -0.9362    0.3850   -0.1074   -0.0883    0.3451    0.3451   -0.9355   -0.9355   -0.8736
log(h)         1.0000    0.8811    0.4479    1.0000    0.1131   -0.1531   -0.1531    0.9975    0.8367    0.8472    0.9937    0.9937   -0.1514   -0.1514    0.0093
log(k)         0.1131    0.5694    0.9191    0.1131    1.0000   -0.9989   -0.9989    0.0423   -0.4490   -0.4315    0.0013    0.0013   -0.9990   -0.9990   -0.9923
log(r)        -0.1531   -0.6022   -0.9362   -0.1531   -0.9989    1.0000    1.0000   -0.0826    0.4129    0.3951   -0.0414   -0.0414    1.0000    1.0000    0.9867
log(d)        -0.1531   -0.6022   -0.9362   -0.1531   -0.9989    1.0000    1.0000   -0.0826    0.4129    0.3951   -0.0414   -0.0414    1.0000    1.0000    0.9867
log(A)         0.9975    0.8454    0.3850    0.9975    0.0423   -0.0826   -0.0826    1.0000    0.8734    0.8828    0.9991    0.9991   -0.0809   -0.0809    0.0802
log(tby)       0.8367    0.4784   -0.1074    0.8367   -0.4490    0.4129    0.4129    0.8734    1.0000    0.9998    0.8929    0.8929    0.4145    0.4145    0.5553
log(tb)        0.8472    0.4954   -0.0883    0.8472   -0.4315    0.3951    0.3951    0.8828    0.9998    1.0000    0.9015    0.9015    0.3967    0.3967    0.5390
log(ca)        0.9937    0.8225    0.3451    0.9937    0.0013   -0.0414   -0.0414    0.9991    0.8929    0.9015    1.0000    1.0000   -0.0397   -0.0397    0.1214
log(cay)       0.9937    0.8225    0.3451    0.9937    0.0013   -0.0414   -0.0414    0.9991    0.8929    0.9015    1.0000    1.0000   -0.0397   -0.0397    0.1214
log(la)       -0.1514   -0.6008   -0.9355   -0.1514   -0.9990    1.0000    1.0000   -0.0809    0.4145    0.3967   -0.0397   -0.0397    1.0000    1.0000    0.9870
log(Uc)       -0.1514   -0.6008   -0.9355   -0.1514   -0.9990    1.0000    1.0000   -0.0809    0.4145    0.3967   -0.0397   -0.0397    1.0000    1.0000    0.9870
log(Uh)        0.0093   -0.4646   -0.8736    0.0093   -0.9923    0.9867    0.9867    0.0802    0.5553    0.5390    0.1214    0.1214    0.9870    0.9870    1.0000



COEFFICIENTS OF AUTOCORRELATION
Order             1        2        3        4        5
log(y)       0.0080   0.0094   0.0101   0.0104   0.0105
log(c)       0.3192   0.3191   0.3186   0.3178   0.3168
log(i)       0.9085   0.8633   0.8403   0.8279   0.8206
log(h)       0.0080   0.0094   0.0101   0.0104   0.0105
log(k)       0.9988   0.9966   0.9938   0.9908   0.9876
log(r)       0.9966   0.9932   0.9900   0.9867   0.9834
log(d)       0.9966   0.9932   0.9900   0.9867   0.9834
log(A)       0.0000   0.0000   0.0000   0.0000   0.0000
log(tby)     0.1922   0.1962   0.1977   0.1981   0.1980
log(tb)      0.1768   0.1808   0.1824   0.1829   0.1828
log(ca)     -0.0125  -0.0068  -0.0041  -0.0027  -0.0021
log(cay)    -0.0125  -0.0068  -0.0041  -0.0027  -0.0021
log(la)      0.9967   0.9935   0.9902   0.9869   0.9837
log(Uc)      0.9967   0.9935   0.9902   0.9869   0.9837
log(Uh)      0.9838   0.9805   0.9773   0.9741   0.9709
Total computing time : 0h00m44s
